{"/Users/mikes/Projects/Draggable/src/services/Draggable.ts": {"path":"/Users/mikes/Projects/Draggable/src/services/Draggable.ts","statementMap":{"0":{"start":{"line":2,"column":0},"end":{"line":2,"column":62}},"1":{"start":{"line":3,"column":31},"end":{"line":64,"column":3}},"2":{"start":{"line":10,"column":8},"end":{"line":10,"column":25}},"3":{"start":{"line":11,"column":8},"end":{"line":11,"column":31}},"4":{"start":{"line":12,"column":8},"end":{"line":12,"column":30}},"5":{"start":{"line":13,"column":8},"end":{"line":13,"column":37}},"6":{"start":{"line":18,"column":4},"end":{"line":22,"column":6}},"7":{"start":{"line":19,"column":8},"end":{"line":19,"column":84}},"8":{"start":{"line":20,"column":8},"end":{"line":20,"column":80}},"9":{"start":{"line":21,"column":8},"end":{"line":21,"column":81}},"10":{"start":{"line":27,"column":4},"end":{"line":33,"column":6}},"11":{"start":{"line":28,"column":17},"end":{"line":28,"column":53}},"12":{"start":{"line":28,"column":62},"end":{"line":28,"column":69}},"13":{"start":{"line":28,"column":77},"end":{"line":28,"column":83}},"14":{"start":{"line":29,"column":8},"end":{"line":29,"column":39}},"15":{"start":{"line":30,"column":8},"end":{"line":30,"column":29}},"16":{"start":{"line":31,"column":8},"end":{"line":31,"column":43}},"17":{"start":{"line":32,"column":8},"end":{"line":32,"column":42}},"18":{"start":{"line":34,"column":4},"end":{"line":44,"column":6}},"19":{"start":{"line":35,"column":20},"end":{"line":35,"column":31}},"20":{"start":{"line":35,"column":41},"end":{"line":35,"column":52}},"21":{"start":{"line":36,"column":17},"end":{"line":36,"column":28}},"22":{"start":{"line":36,"column":34},"end":{"line":36,"column":38}},"23":{"start":{"line":36,"column":44},"end":{"line":36,"column":48}},"24":{"start":{"line":37,"column":8},"end":{"line":39,"column":9}},"25":{"start":{"line":38,"column":12},"end":{"line":38,"column":34}},"26":{"start":{"line":40,"column":8},"end":{"line":43,"column":9}},"27":{"start":{"line":41,"column":12},"end":{"line":41,"column":55}},"28":{"start":{"line":42,"column":12},"end":{"line":42,"column":54}},"29":{"start":{"line":48,"column":4},"end":{"line":50,"column":6}},"30":{"start":{"line":49,"column":8},"end":{"line":49,"column":30}},"31":{"start":{"line":60,"column":4},"end":{"line":62,"column":6}},"32":{"start":{"line":61,"column":8},"end":{"line":61,"column":88}},"33":{"start":{"line":63,"column":4},"end":{"line":63,"column":21}},"34":{"start":{"line":65,"column":0},"end":{"line":65,"column":28}}},"fnMap":{"0":{"name":"(anonymous_0)","decl":{"start":{"line":3,"column":31},"end":{"line":3,"column":32}},"loc":{"start":{"line":3,"column":43},"end":{"line":64,"column":1}},"line":3},"1":{"name":"Draggable","decl":{"start":{"line":9,"column":13},"end":{"line":9,"column":22}},"loc":{"start":{"line":9,"column":38},"end":{"line":14,"column":5}},"line":9},"2":{"name":"(anonymous_2)","decl":{"start":{"line":18,"column":31},"end":{"line":18,"column":32}},"loc":{"start":{"line":18,"column":43},"end":{"line":22,"column":5}},"line":18},"3":{"name":"(anonymous_3)","decl":{"start":{"line":27,"column":42},"end":{"line":27,"column":43}},"loc":{"start":{"line":27,"column":59},"end":{"line":33,"column":5}},"line":27},"4":{"name":"(anonymous_4)","decl":{"start":{"line":34,"column":42},"end":{"line":34,"column":43}},"loc":{"start":{"line":34,"column":59},"end":{"line":44,"column":5}},"line":34},"5":{"name":"(anonymous_5)","decl":{"start":{"line":48,"column":40},"end":{"line":48,"column":41}},"loc":{"start":{"line":48,"column":52},"end":{"line":50,"column":5}},"line":48},"6":{"name":"(anonymous_6)","decl":{"start":{"line":60,"column":38},"end":{"line":60,"column":39}},"loc":{"start":{"line":60,"column":102},"end":{"line":62,"column":5}},"line":60}},"branchMap":{"0":{"loc":{"start":{"line":37,"column":8},"end":{"line":39,"column":9}},"type":"if","locations":[{"start":{"line":37,"column":8},"end":{"line":39,"column":9}},{"start":{"line":37,"column":8},"end":{"line":39,"column":9}}],"line":37},"1":{"loc":{"start":{"line":40,"column":8},"end":{"line":43,"column":9}},"type":"if","locations":[{"start":{"line":40,"column":8},"end":{"line":43,"column":9}},{"start":{"line":40,"column":8},"end":{"line":43,"column":9}}],"line":40},"2":{"loc":{"start":{"line":61,"column":15},"end":{"line":61,"column":87}},"type":"binary-expr","locations":[{"start":{"line":61,"column":15},"end":{"line":61,"column":30}},{"start":{"line":61,"column":34},"end":{"line":61,"column":49}},{"start":{"line":61,"column":53},"end":{"line":61,"column":68}},{"start":{"line":61,"column":72},"end":{"line":61,"column":87}}],"line":61}},"s":{"0":1,"1":1,"2":11,"3":11,"4":11,"5":11,"6":1,"7":1,"8":1,"9":1,"10":1,"11":2,"12":2,"13":2,"14":2,"15":2,"16":2,"17":2,"18":1,"19":2,"20":2,"21":2,"22":2,"23":2,"24":2,"25":1,"26":2,"27":1,"28":1,"29":1,"30":1,"31":1,"32":5,"33":1,"34":1},"f":{"0":1,"1":11,"2":1,"3":2,"4":2,"5":1,"6":5},"b":{"0":[1,1],"1":[1,1],"2":[5,4,3,2]},"inputSourceMap":{"version":3,"file":"Draggable.js","sourceRoot":"","sources":["Draggable.ts"],"names":[],"mappings":";;AAKA;IAII;;;;OAIG;IACH,mBACY,IAAY,EACZ,OAAoB;QADpB,SAAI,GAAJ,IAAI,CAAQ;QACZ,YAAO,GAAP,OAAO,CAAa;QAE5B,IAAI,CAAC,QAAQ,GAAG,KAAK,CAAC;QACtB,IAAI,CAAC,MAAM,GAAG,EAAE,CAAC,EAAE,CAAC,EAAE,CAAC,EAAE,CAAC,EAAE,CAAC;IACjC,CAAC;IAED;;OAEG;IACI,wBAAI,GAAX;QACI,IAAI,CAAC,OAAO,CAAC,gBAAgB,CAAC,WAAW,EAAE,IAAI,CAAC,eAAe,CAAC,IAAI,CAAC,IAAI,CAAC,CAAC,CAAC;QAC5E,IAAI,CAAC,OAAO,CAAC,gBAAgB,CAAC,SAAS,EAAE,IAAI,CAAC,aAAa,CAAC,IAAI,CAAC,IAAI,CAAC,CAAC,CAAC;QACxE,IAAI,CAAC,IAAI,CAAC,gBAAgB,CAAC,WAAW,EAAE,IAAI,CAAC,eAAe,CAAC,IAAI,CAAC,IAAI,CAAC,CAAC,CAAC;IAC7E,CAAC;IAED;;;OAGG;IACI,mCAAe,GAAtB,UAAwB,KAAiB;QAC/B,IAAA,yCAAgE,EAA9D,cAAI,EAAE,YAAG,CAAsD;QAEvE,OAAO,CAAC,GAAG,CAAC,KAAK,CAAC,KAAK,EAAE,IAAI,CAAC,CAAA;QAE9B,IAAI,CAAC,QAAQ,GAAG,IAAI,CAAC;QACrB,IAAI,CAAC,MAAM,CAAC,CAAC,GAAG,KAAK,CAAC,KAAK,GAAG,IAAI,CAAC;QACnC,IAAI,CAAC,MAAM,CAAC,CAAC,GAAG,KAAK,CAAC,KAAK,GAAG,GAAG,CAAC;IACtC,CAAC;IAEM,mCAAe,GAAtB,UAAwB,KAAiB;QAC7B,IAAA,mBAAK,EAAE,mBAAK,CAAW;QACzB,IAAA,gBAAsB,EAApB,QAAC,EAAE,QAAC,CAAiB;QAE7B,EAAE,CAAC,CAAC,IAAI,CAAC,WAAW,CAAC,KAAK,EAAE,KAAK,EAAE,CAAC,EAAE,IAAI,CAAC,IAAI,CAAC,UAAU,EAAE,CAAC,EAAE,IAAI,CAAC,IAAI,CAAC,WAAW,CAAC,CAAC,CAAC,CAAC;YACpF,IAAI,CAAC,QAAQ,GAAG,KAAK,CAAC;QAC1B,CAAC;QAED,EAAE,CAAC,CAAC,IAAI,CAAC,QAAQ,CAAC,CAAC,CAAC;YAChB,IAAI,CAAC,OAAO,CAAC,KAAK,CAAC,IAAI,GAAM,KAAK,GAAG,CAAC,OAAI,CAAC;YAC3C,IAAI,CAAC,OAAO,CAAC,KAAK,CAAC,GAAG,GAAM,KAAK,GAAG,CAAC,OAAI,CAAC;QAC9C,CAAC;IACL,CAAC;IAED;;OAEG;IACI,iCAAa,GAApB;QACI,IAAI,CAAC,QAAQ,GAAG,KAAK,CAAC;IAC1B,CAAC;IAED;;;;;;;;OAQG;IACI,+BAAW,GAAlB,UACI,CAAS,EACT,CAAS,EACT,UAAkB,EAClB,UAAkB,EAClB,UAAkB,EAClB,UAAkB;QAElB,MAAM,CAAC,CAAC,IAAI,UAAU,IAAI,CAAC,IAAI,UAAU,IAAI,CAAC,IAAI,UAAU,IAAI,CAAC,IAAI,UAAU,CAAC;IACpF,CAAC;IACL,gBAAC;AAAD,CAAC,AAhFD,IAgFC","sourcesContent":["interface Coordinate {\n    x: number,\n    y: number\n}\n\nexport default class Draggable {\n    private dragging: boolean;\n    private origin: Coordinate;\n\n    /**\n     * Draggable\n     * @param root \n     * @param element \n     */\n    constructor (\n        private root: Window,\n        private element: HTMLElement\n    ) {\n        this.dragging = false;\n        this.origin = { x: 0, y: 0 };\n    }\n\n    /**\n     * Attach event listeners\n     */\n    public init (): void {\n        this.element.addEventListener('mousedown', this.handleMouseDown.bind(this));\n        this.element.addEventListener('mouseup', this.handleMouseUp.bind(this));\n        this.root.addEventListener('mousemove', this.handleMouseMove.bind(this));\n    }\n\n    /**\n     * Handle drag start\n     * @param event \n     */\n    public handleMouseDown (event: MouseEvent): void {\n        const { left, top }: ClientRect = this.element.getBoundingClientRect();\n\n        console.log(event.pageX, left)\n\n        this.dragging = true;\n        this.origin.x = event.pageX - left;\n        this.origin.y = event.pageY - top;\n    }\n\n    public handleMouseMove (event: MouseEvent): void {\n        const { pageX, pageY } = event;\n        const { x, y } = this.origin;\n\n        if (this.outOfBounds(pageX, pageY, 0, this.root.innerWidth, 0, this.root.innerHeight)) {\n            this.dragging = false;\n        }\n        \n        if (this.dragging) {\n            this.element.style.left = `${pageX - x}px`;\n            this.element.style.top = `${pageY - y}px`;\n        }\n    }\n\n    /**\n     * Handle drag end\n     */\n    public handleMouseUp (): void {\n        this.dragging = false;\n    }\n\n    /**\n     * Check if an element is out of bounds\n     * @param nodeX \n     * @param nodeY \n     * @param boundsMinX \n     * @param boundsMaxX \n     * @param boundsMinY \n     * @param boundsMaxY \n     */\n    public outOfBounds (\n        x: number, \n        y: number, \n        boundsMinX: number, \n        boundsMaxX: number, \n        boundsMinY: number, \n        boundsMaxY: number\n    ): boolean {\n        return x <= boundsMinX || x >= boundsMaxX || y <= boundsMinY || y >= boundsMaxY;\n    }\n}\n"]},"_coverageSchema":"332fd63041d2c1bcb487cc26dd0d5f7d97098a6c","hash":"3e6895c2f28155449b267c3a291697183f5ca475"}
}
