TN:
SF:/Users/mikes/Projects/Draggable/src/services/Draggable.ts
FN:3,(anonymous_0)
FN:9,Draggable
FN:18,(anonymous_2)
FN:27,(anonymous_3)
FN:34,(anonymous_4)
FN:48,(anonymous_5)
FN:60,(anonymous_6)
FNF:7
FNH:7
FNDA:1,(anonymous_0)
FNDA:11,Draggable
FNDA:1,(anonymous_2)
FNDA:2,(anonymous_3)
FNDA:2,(anonymous_4)
FNDA:1,(anonymous_5)
FNDA:5,(anonymous_6)
DA:2,1
DA:3,1
DA:10,11
DA:11,11
DA:12,11
DA:13,11
DA:18,1
DA:19,1
DA:20,1
DA:21,1
DA:27,1
DA:28,2
DA:29,2
DA:30,2
DA:31,2
DA:32,2
DA:34,1
DA:35,2
DA:36,2
DA:37,2
DA:38,1
DA:40,2
DA:41,1
DA:42,1
DA:48,1
DA:49,1
DA:60,1
DA:61,5
DA:63,1
DA:65,1
LF:30
LH:30
BRDA:37,0,0,1
BRDA:37,0,1,1
BRDA:40,1,0,1
BRDA:40,1,1,1
BRDA:61,2,0,5
BRDA:61,2,1,4
BRDA:61,2,2,3
BRDA:61,2,3,2
BRF:8
BRH:8
end_of_record
